*** Starting uWSGI 2.0.14 (64bit) on [Thu Jan 26 11:49:47 2017] ***
compiled with version: 4.8.5 20150623 (Red Hat 4.8.5-11) on 26 January 2017 11:31:16
os: Linux-3.10.0-514.el7.x86_64 #1 SMP Wed Oct 19 11:24:13 EDT 2016
nodename: goldenspeaker.las.iastate.edu
machine: x86_64
clock source: unix
detected number of CPU cores: 2
current working directory: /home/shjd/golden-speaker
writing pidfile to /tmp/project-master.pid
detected binary path: /usr/bin/uwsgi
!!! no internal routing support, rebuild with pcre support !!!
chdir() to /home/shjd/golden-speaker
your processes number limit is 4096
your memory page size is 4096 bytes
detected max file descriptor number: 1024
lock engine: pthread robust mutexes
thunder lock: disabled (you can enable it with --thunder-lock)
Python version: 2.7.5 (default, Aug  2 2016, 04:20:16)  [GCC 4.8.5 20150623 (Red Hat 4.8.5-4)]
*** Python threads support is disabled. You can enable it with --enable-threads ***
Python main interpreter initialized at 0x150e560
The -s/--socket option is missing and stdin is not a socket.
*** Starting uWSGI 2.0.14 (64bit) on [Thu Jan 26 11:50:49 2017] ***
compiled with version: 4.8.5 20150623 (Red Hat 4.8.5-11) on 26 January 2017 11:31:16
os: Linux-3.10.0-514.el7.x86_64 #1 SMP Wed Oct 19 11:24:13 EDT 2016
nodename: goldenspeaker.las.iastate.edu
machine: x86_64
clock source: unix
detected number of CPU cores: 2
current working directory: /home/shjd/golden-speaker
writing pidfile to /tmp/project-master.pid
detected binary path: /usr/bin/uwsgi
!!! no internal routing support, rebuild with pcre support !!!
chdir() to /home/shjd/golden-speaker
your processes number limit is 4096
your memory page size is 4096 bytes
detected max file descriptor number: 1024
lock engine: pthread robust mutexes
thunder lock: disabled (you can enable it with --thunder-lock)
Python version: 2.7.5 (default, Aug  2 2016, 04:20:16)  [GCC 4.8.5 20150623 (Red Hat 4.8.5-4)]
*** Python threads support is disabled. You can enable it with --enable-threads ***
Python main interpreter initialized at 0x1abc560
The -s/--socket option is missing and stdin is not a socket.
*** Starting uWSGI 2.0.14 (64bit) on [Thu Jan 26 11:57:46 2017] ***
compiled with version: 4.8.5 20150623 (Red Hat 4.8.5-11) on 26 January 2017 11:31:16
os: Linux-3.10.0-514.el7.x86_64 #1 SMP Wed Oct 19 11:24:13 EDT 2016
nodename: goldenspeaker.las.iastate.edu
machine: x86_64
clock source: unix
detected number of CPU cores: 2
current working directory: /home/shjd/golden-speaker
writing pidfile to /tmp/project-master.pid
detected binary path: /usr/bin/uwsgi
!!! no internal routing support, rebuild with pcre support !!!
cannot setgid() as non-root user
*** Starting uWSGI 2.0.14 (64bit) on [Thu Jan 26 11:58:03 2017] ***
compiled with version: 4.8.5 20150623 (Red Hat 4.8.5-11) on 26 January 2017 11:31:16
os: Linux-3.10.0-514.el7.x86_64 #1 SMP Wed Oct 19 11:24:13 EDT 2016
nodename: goldenspeaker.las.iastate.edu
machine: x86_64
clock source: unix
detected number of CPU cores: 2
current working directory: /home/shjd/golden-speaker
writing pidfile to /tmp/project-master.pid
detected binary path: /usr/bin/uwsgi
!!! no internal routing support, rebuild with pcre support !!!
cannot setgid() as non-root user
*** Starting uWSGI 2.0.14 (64bit) on [Thu Jan 26 12:09:11 2017] ***
compiled with version: 4.8.5 20150623 (Red Hat 4.8.5-11) on 26 January 2017 12:01:02
os: Linux-3.10.0-514.el7.x86_64 #1 SMP Wed Oct 19 11:24:13 EDT 2016
nodename: goldenspeaker.las.iastate.edu
machine: x86_64
clock source: unix
detected number of CPU cores: 2
current working directory: /home/shjd/golden-speaker
writing pidfile to /home/shjd/golden-speaker/pid/project-master.pid
detected binary path: /usr/bin/uwsgi
!!! no internal routing support, rebuild with pcre support !!!
cannot setgid() as non-root user
*** Starting uWSGI 2.0.14 (64bit) on [Thu Jan 26 12:10:59 2017] ***
compiled with version: 4.8.5 20150623 (Red Hat 4.8.5-11) on 26 January 2017 12:01:02
os: Linux-3.10.0-514.el7.x86_64 #1 SMP Wed Oct 19 11:24:13 EDT 2016
nodename: goldenspeaker.las.iastate.edu
machine: x86_64
clock source: unix
detected number of CPU cores: 2
current working directory: /home/shjd/golden-speaker
writing pidfile to /home/shjd/golden-speaker/pid/project-master.pid
detected binary path: /usr/bin/uwsgi
!!! no internal routing support, rebuild with pcre support !!!
uWSGI running as root, you can use --uid/--gid/--chroot options
setgid() to 2000
setuid() to 1000
chdir() to /home/shjd/golden-speaker
chdir(): Permission denied [core/uwsgi.c line 2588]
*** Starting uWSGI 2.0.14 (64bit) on [Thu Jan 26 12:13:22 2017] ***
compiled with version: 4.8.5 20150623 (Red Hat 4.8.5-11) on 26 January 2017 12:01:02
os: Linux-3.10.0-514.el7.x86_64 #1 SMP Wed Oct 19 11:24:13 EDT 2016
nodename: goldenspeaker.las.iastate.edu
machine: x86_64
clock source: unix
detected number of CPU cores: 2
current working directory: /home/shjd/golden-speaker
writing pidfile to /tmp/project-master.pid
detected binary path: /usr/bin/uwsgi
!!! no internal routing support, rebuild with pcre support !!!
uWSGI running as root, you can use --uid/--gid/--chroot options
setgid() to 2000
setuid() to 1000
chdir() to /home/shjd/golden-speaker
chdir(): Permission denied [core/uwsgi.c line 2588]
*** Starting uWSGI 2.0.14 (64bit) on [Thu Jan 26 12:14:57 2017] ***
compiled with version: 4.8.5 20150623 (Red Hat 4.8.5-11) on 26 January 2017 12:01:02
os: Linux-3.10.0-514.el7.x86_64 #1 SMP Wed Oct 19 11:24:13 EDT 2016
nodename: goldenspeaker.las.iastate.edu
machine: x86_64
clock source: unix
detected number of CPU cores: 2
current working directory: /home/shjd/golden-speaker
writing pidfile to /tmp/project-master.pid
detected binary path: /usr/bin/uwsgi
!!! no internal routing support, rebuild with pcre support !!!
uWSGI running as root, you can use --uid/--gid/--chroot options
setgid() to 2000
setuid() to 1000
chdir() to /home/shjd/golden-speaker
chdir(): Permission denied [core/uwsgi.c line 2588]
*** Starting uWSGI 2.0.14 (64bit) on [Mon Jan 30 13:44:25 2017] ***
compiled with version: 4.8.5 20150623 (Red Hat 4.8.5-11) on 26 January 2017 12:01:02
os: Linux-3.10.0-514.el7.x86_64 #1 SMP Wed Oct 19 11:24:13 EDT 2016
nodename: goldenspeaker.las.iastate.edu
machine: x86_64
clock source: unix
detected number of CPU cores: 2
current working directory: /home/shjd/golden-speaker
detected binary path: /usr/bin/uwsgi
!!! no internal routing support, rebuild with pcre support !!!
chdir() to /home/shjd/golden-speaker
your processes number limit is 4096
your memory page size is 4096 bytes
detected max file descriptor number: 1024
lock engine: pthread robust mutexes
thunder lock: disabled (you can enable it with --thunder-lock)
uwsgi socket 0 bound to TCP address 127.0.0.1:49152 fd 6
Python version: 2.7.5 (default, Aug  2 2016, 04:20:16)  [GCC 4.8.5 20150623 (Red Hat 4.8.5-4)]
*** Python threads support is disabled. You can enable it with --enable-threads ***
Python main interpreter initialized at 0x1546b00
your server socket listen backlog is limited to 100 connections
your mercy for graceful operations on workers is 60 seconds
mapped 363800 bytes (355 KB) for 4 cores
*** Operational MODE: preforking ***
WSGI app 0 (mountpoint='') ready in 1 seconds on interpreter 0x1546b00 pid: 16309 (default app)
*** uWSGI is running in multiple interpreter mode ***
spawned uWSGI master process (pid: 16309)
spawned uWSGI worker 1 (pid: 16316, cores: 1)
spawned uWSGI worker 2 (pid: 16317, cores: 1)
spawned uWSGI worker 3 (pid: 16318, cores: 1)
spawned uWSGI worker 4 (pid: 16319, cores: 1)
Mon Jan 30 19:45:59 2017 - uWSGI worker 3 screams: UAAAAAAH my master disconnected: i will kill myself !!!
Mon Jan 30 19:45:59 2017 - uWSGI worker 1 screams: UAAAAAAH my master disconnected: i will kill myself !!!
Mon Jan 30 19:45:59 2017 - uWSGI worker 4 screams: UAAAAAAH my master disconnected: i will kill myself !!!
Mon Jan 30 19:45:59 2017 - uWSGI worker 2 screams: UAAAAAAH my master disconnected: i will kill myself !!!
*** Starting uWSGI 2.0.14 (64bit) on [Mon Jan 30 16:08:16 2017] ***
compiled with version: 4.8.5 20150623 (Red Hat 4.8.5-11) on 26 January 2017 12:01:02
os: Linux-3.10.0-514.el7.x86_64 #1 SMP Wed Oct 19 11:24:13 EDT 2016
nodename: goldenspeaker.las.iastate.edu
machine: x86_64
clock source: unix
detected number of CPU cores: 2
current working directory: /home/shjd/golden-speaker
detected binary path: /usr/bin/uwsgi
!!! no internal routing support, rebuild with pcre support !!!
chdir() to /home/shjd/golden-speaker
your processes number limit is 4096
your memory page size is 4096 bytes
detected max file descriptor number: 1024
lock engine: pthread robust mutexes
thunder lock: disabled (you can enable it with --thunder-lock)
uwsgi socket 0 bound to TCP address 127.0.0.1:49152 fd 5
Python version: 2.7.5 (default, Aug  2 2016, 04:20:16)  [GCC 4.8.5 20150623 (Red Hat 4.8.5-4)]
*** Python threads support is disabled. You can enable it with --enable-threads ***
Python main interpreter initialized at 0x1d13af0
your server socket listen backlog is limited to 100 connections
your mercy for graceful operations on workers is 60 seconds
mapped 363800 bytes (355 KB) for 4 cores
*** Operational MODE: preforking ***
WSGI app 0 (mountpoint='') ready in 1 seconds on interpreter 0x1d13af0 pid: 20806 (default app)
*** uWSGI is running in multiple interpreter mode ***
spawned uWSGI master process (pid: 20806)
spawned uWSGI worker 1 (pid: 20814, cores: 1)
spawned uWSGI worker 2 (pid: 20815, cores: 1)
spawned uWSGI worker 3 (pid: 20816, cores: 1)
spawned uWSGI worker 4 (pid: 20817, cores: 1)
[pid: 20817|app: 0|req: 1/1] 10.64.203.147 () {44 vars in 1045 bytes} [Mon Jan 30 22:08:28 2017] GET /speech/ => generated 4443 bytes in 572 msecs (HTTP/1.1 200) 3 headers in 102 bytes (1 switches on core 0)
[pid: 20817|app: 0|req: 2/2] 10.64.203.147 () {44 vars in 1100 bytes} [Mon Jan 30 22:08:32 2017] GET /speech/add_anchorset => generated 3471 bytes in 26 msecs (HTTP/1.1 200) 4 headers in 256 bytes (1 switches on core 0)
[pid: 20817|app: 0|req: 3/3] 10.64.203.147 () {44 vars in 1087 bytes} [Mon Jan 30 22:08:34 2017] GET /speech/ => generated 4443 bytes in 19 msecs (HTTP/1.1 200) 3 headers in 102 bytes (1 switches on core 0)
[pid: 20817|app: 0|req: 4/4] 10.64.203.147 () {44 vars in 1106 bytes} [Mon Jan 30 22:08:35 2017] GET /speech/manage_anchorset => generated 4107 bytes in 28 msecs (HTTP/1.1 200) 3 headers in 102 bytes (1 switches on core 0)
[pid: 20814|app: 0|req: 1/5] 10.64.203.147 () {44 vars in 1152 bytes} [Mon Jan 30 22:08:35 2017] GET /speech/start_record_session/test_shjd/ => generated 0 bytes in 502 msecs (HTTP/1.1 302) 5 headers in 268 bytes (1 switches on core 0)
[pid: 20817|app: 0|req: 5/6] 10.64.203.147 () {44 vars in 1116 bytes} [Mon Jan 30 22:08:36 2017] GET /speech/record/index/ => generated 13582 bytes in 38 msecs (HTTP/1.1 200) 3 headers in 102 bytes (1 switches on core 0)
[pid: 20817|app: 0|req: 6/7] 10.64.203.147 () {44 vars in 1087 bytes} [Mon Jan 30 22:08:38 2017] GET /speech/ => generated 4443 bytes in 28 msecs (HTTP/1.1 200) 3 headers in 102 bytes (1 switches on core 0)
[pid: 20817|app: 0|req: 7/8] 10.64.203.147 () {44 vars in 1106 bytes} [Mon Jan 30 22:08:39 2017] GET /speech/build_synthesize => generated 5582 bytes in 28 msecs (HTTP/1.1 200) 3 headers in 102 bytes (1 switches on core 0)
[pid: 20816|app: 0|req: 1/9] 10.64.203.147 () {44 vars in 1090 bytes} [Mon Jan 30 22:08:41 2017] GET /speech/ => generated 4443 bytes in 546 msecs (HTTP/1.1 200) 3 headers in 102 bytes (1 switches on core 0)
[pid: 20817|app: 0|req: 8/10] 10.64.203.147 () {44 vars in 1104 bytes} [Mon Jan 30 22:08:43 2017] GET /speech/practice/index/ => generated 4005 bytes in 51 msecs (HTTP/1.1 200) 3 headers in 102 bytes (1 switches on core 0)
[pid: 20817|app: 0|req: 9/11] 10.64.203.147 () {44 vars in 1089 bytes} [Mon Jan 30 22:08:45 2017] GET /speech/ => generated 4443 bytes in 21 msecs (HTTP/1.1 200) 3 headers in 102 bytes (1 switches on core 0)
[pid: 20814|app: 0|req: 2/12] 10.64.203.147 () {44 vars in 1106 bytes} [Mon Jan 30 22:08:47 2017] GET /speech/build_synthesize => generated 5582 bytes in 77 msecs (HTTP/1.1 200) 3 headers in 102 bytes (1 switches on core 0)
[pid: 20815|app: 0|req: 1/13] 10.64.203.147 () {44 vars in 1090 bytes} [Mon Jan 30 22:08:48 2017] GET /speech/ => generated 4443 bytes in 577 msecs (HTTP/1.1 200) 3 headers in 102 bytes (1 switches on core 0)
[pid: 20816|app: 0|req: 2/14] 10.64.203.147 () {44 vars in 1074 bytes} [Mon Jan 30 22:08:56 2017] GET /speech/ => generated 4443 bytes in 24 msecs (HTTP/1.1 200) 3 headers in 102 bytes (1 switches on core 0)
[pid: 20816|app: 0|req: 3/15] 10.64.203.147 () {44 vars in 1100 bytes} [Mon Jan 30 22:09:21 2017] GET /speech/add_anchorset => generated 3471 bytes in 29 msecs (HTTP/1.1 200) 4 headers in 256 bytes (1 switches on core 0)
[pid: 20817|app: 0|req: 10/16] 10.64.203.147 () {44 vars in 1087 bytes} [Mon Jan 30 22:09:22 2017] GET /speech/ => generated 4443 bytes in 20 msecs (HTTP/1.1 200) 3 headers in 102 bytes (1 switches on core 0)
[pid: 20817|app: 0|req: 11/17] 10.64.203.147 () {44 vars in 1106 bytes} [Mon Jan 30 22:09:23 2017] GET /speech/manage_anchorset => generated 4107 bytes in 100 msecs (HTTP/1.1 200) 3 headers in 102 bytes (1 switches on core 0)
[pid: 20817|app: 0|req: 12/18] 10.64.203.147 () {44 vars in 1152 bytes} [Mon Jan 30 22:09:24 2017] GET /speech/start_record_session/test_shjd/ => generated 0 bytes in 82 msecs (HTTP/1.1 302) 5 headers in 268 bytes (1 switches on core 0)
[pid: 20817|app: 0|req: 13/19] 10.64.203.147 () {44 vars in 1116 bytes} [Mon Jan 30 22:09:24 2017] GET /speech/record/index/ => generated 13582 bytes in 40 msecs (HTTP/1.1 200) 3 headers in 102 bytes (1 switches on core 0)
[pid: 20816|app: 0|req: 4/20] 10.64.203.147 () {44 vars in 1087 bytes} [Mon Jan 30 22:09:39 2017] GET /speech/ => generated 4443 bytes in 20 msecs (HTTP/1.1 200) 3 headers in 102 bytes (1 switches on core 0)
[pid: 20816|app: 0|req: 5/21] 10.64.203.147 () {42 vars in 1014 bytes} [Fri Feb  3 16:54:42 2017] GET /speech/ => generated 4443 bytes in 54 msecs (HTTP/1.1 200) 3 headers in 102 bytes (1 switches on core 0)
[pid: 20816|app: 0|req: 6/22] 10.64.203.147 () {44 vars in 1074 bytes} [Fri Feb  3 16:54:44 2017] GET /speech/ => generated 4443 bytes in 19 msecs (HTTP/1.1 200) 3 headers in 102 bytes (1 switches on core 0)
[pid: 20816|app: 0|req: 7/23] 10.64.203.147 () {44 vars in 1106 bytes} [Fri Feb  3 16:54:46 2017] GET /speech/manage_anchorset => generated 4107 bytes in 33 msecs (HTTP/1.1 200) 3 headers in 102 bytes (1 switches on core 0)
[pid: 20817|app: 0|req: 14/24] 10.64.203.147 () {44 vars in 1152 bytes} [Fri Feb  3 16:54:48 2017] GET /speech/start_record_session/test_shjd/ => generated 0 bytes in 88 msecs (HTTP/1.1 302) 5 headers in 268 bytes (1 switches on core 0)
[pid: 20817|app: 0|req: 15/25] 10.64.203.147 () {44 vars in 1116 bytes} [Fri Feb  3 16:54:48 2017] GET /speech/record/index/ => generated 13582 bytes in 42 msecs (HTTP/1.1 200) 3 headers in 102 bytes (1 switches on core 0)
[pid: 20816|app: 0|req: 8/26] 10.64.203.147 () {44 vars in 1087 bytes} [Fri Feb  3 16:54:49 2017] GET /speech/ => generated 4443 bytes in 19 msecs (HTTP/1.1 200) 3 headers in 102 bytes (1 switches on core 0)
[pid: 20816|app: 0|req: 9/27] 10.64.203.147 () {44 vars in 1100 bytes} [Fri Feb  3 16:54:50 2017] GET /speech/add_anchorset => generated 3471 bytes in 25 msecs (HTTP/1.1 200) 4 headers in 256 bytes (1 switches on core 0)
[pid: 20816|app: 0|req: 10/28] 10.64.203.147 () {44 vars in 1087 bytes} [Fri Feb  3 16:54:52 2017] GET /speech/ => generated 4443 bytes in 18 msecs (HTTP/1.1 200) 3 headers in 102 bytes (1 switches on core 0)
[pid: 20816|app: 0|req: 11/29] 10.64.203.147 () {44 vars in 1106 bytes} [Fri Feb  3 16:54:52 2017] GET /speech/manage_anchorset => generated 4107 bytes in 26 msecs (HTTP/1.1 200) 3 headers in 102 bytes (1 switches on core 0)
[pid: 20816|app: 0|req: 12/30] 10.64.203.147 () {44 vars in 1142 bytes} [Fri Feb  3 16:54:57 2017] GET /speech/delete_anchorset/test_shjd => generated 0 bytes in 2 msecs (HTTP/1.1 301) 2 headers in 121 bytes (1 switches on core 0)
[pid: 20816|app: 0|req: 13/31] 10.64.203.147 () {44 vars in 1144 bytes} [Fri Feb  3 16:54:57 2017] GET /speech/delete_anchorset/test_shjd/ => generated 0 bytes in 62 msecs (HTTP/1.1 302) 5 headers in 272 bytes (1 switches on core 0)
[pid: 20816|app: 0|req: 14/32] 10.64.203.147 () {44 vars in 1122 bytes} [Fri Feb  3 16:54:57 2017] GET /speech/manage_anchorset => generated 2972 bytes in 25 msecs (HTTP/1.1 200) 3 headers in 102 bytes (1 switches on core 0)
[pid: 20817|app: 0|req: 16/33] 10.64.203.147 () {44 vars in 1090 bytes} [Fri Feb  3 16:54:59 2017] GET /speech/ => generated 4443 bytes in 19 msecs (HTTP/1.1 200) 3 headers in 102 bytes (1 switches on core 0)
[pid: 20817|app: 0|req: 17/34] 10.64.203.147 () {44 vars in 1100 bytes} [Fri Feb  3 16:55:00 2017] GET /speech/add_anchorset => generated 3471 bytes in 26 msecs (HTTP/1.1 200) 4 headers in 256 bytes (1 switches on core 0)
[pid: 20817|app: 0|req: 18/35] 10.64.203.147 () {52 vars in 1378 bytes} [Fri Feb  3 16:55:05 2017] POST /speech/add_anchorset/ => generated 0 bytes in 55 msecs (HTTP/1.1 302) 4 headers in 141 bytes (1 switches on core 0)
[pid: 20816|app: 0|req: 15/36] 10.64.203.147 () {46 vars in 1150 bytes} [Fri Feb  3 16:55:05 2017] GET /speech/manage_anchorset => generated 4107 bytes in 39 msecs (HTTP/1.1 200) 3 headers in 102 bytes (1 switches on core 0)
[pid: 20816|app: 0|req: 16/37] 10.64.203.147 () {44 vars in 1128 bytes} [Fri Feb  3 16:55:06 2017] GET /speech/anchorset/test_shjd => generated 0 bytes in 3 msecs (HTTP/1.1 301) 2 headers in 114 bytes (1 switches on core 0)
[pid: 20816|app: 0|req: 17/38] 10.64.203.147 () {44 vars in 1130 bytes} [Fri Feb  3 16:55:06 2017] GET /speech/anchorset/test_shjd/ => generated 2956 bytes in 23 msecs (HTTP/1.1 200) 3 headers in 102 bytes (1 switches on core 0)
[pid: 20816|app: 0|req: 18/39] 10.64.203.147 () {44 vars in 1126 bytes} [Fri Feb  3 16:55:10 2017] GET /speech/manage_anchorset => generated 4107 bytes in 32 msecs (HTTP/1.1 200) 3 headers in 102 bytes (1 switches on core 0)
[pid: 20816|app: 0|req: 19/40] 10.64.203.147 () {44 vars in 1090 bytes} [Fri Feb  3 16:55:30 2017] GET /speech/ => generated 4443 bytes in 23 msecs (HTTP/1.1 200) 3 headers in 102 bytes (1 switches on core 0)
[pid: 20817|app: 0|req: 19/41] 10.64.203.147 () {44 vars in 1106 bytes} [Fri Feb  3 16:55:31 2017] GET /speech/manage_anchorset => generated 4107 bytes in 34 msecs (HTTP/1.1 200) 3 headers in 102 bytes (1 switches on core 0)
[pid: 20817|app: 0|req: 20/42] 10.64.203.147 () {44 vars in 1090 bytes} [Fri Feb  3 16:55:33 2017] GET /speech/ => generated 4443 bytes in 19 msecs (HTTP/1.1 200) 3 headers in 102 bytes (1 switches on core 0)
[pid: 20816|app: 0|req: 20/43] 10.64.203.147 () {44 vars in 1106 bytes} [Fri Feb  3 16:55:38 2017] GET /speech/manage_anchorset => generated 4107 bytes in 134 msecs (HTTP/1.1 200) 3 headers in 102 bytes (1 switches on core 0)
[pid: 20816|app: 0|req: 21/44] 10.64.203.147 () {44 vars in 1152 bytes} [Fri Feb  3 16:55:44 2017] GET /speech/start_record_session/test_shjd/ => generated 0 bytes in 27 msecs (HTTP/1.1 302) 5 headers in 268 bytes (1 switches on core 0)
[pid: 20816|app: 0|req: 22/45] 10.64.203.147 () {44 vars in 1116 bytes} [Fri Feb  3 16:55:44 2017] GET /speech/record/index/ => generated 13582 bytes in 33 msecs (HTTP/1.1 200) 3 headers in 102 bytes (1 switches on core 0)
[pid: 20816|app: 0|req: 23/46] 10.64.203.147 () {42 vars in 1012 bytes} [Fri Feb 10 16:59:53 2017] GET /speech => generated 0 bytes in 12 msecs (HTTP/1.1 301) 2 headers in 94 bytes (1 switches on core 0)
[pid: 20816|app: 0|req: 24/47] 10.64.203.147 () {42 vars in 1014 bytes} [Fri Feb 10 16:59:53 2017] GET /speech/ => generated 4443 bytes in 40 msecs (HTTP/1.1 200) 3 headers in 102 bytes (1 switches on core 0)
[pid: 20816|app: 0|req: 25/48] 10.64.203.147 () {44 vars in 1100 bytes} [Fri Feb 10 17:00:42 2017] GET /speech/add_anchorset => generated 3471 bytes in 34 msecs (HTTP/1.1 200) 4 headers in 256 bytes (1 switches on core 0)
[pid: 20814|app: 0|req: 3/49] 10.64.203.147 () {44 vars in 1087 bytes} [Fri Feb 10 17:00:45 2017] GET /speech/ => generated 4443 bytes in 43 msecs (HTTP/1.1 200) 3 headers in 102 bytes (1 switches on core 0)
[pid: 20814|app: 0|req: 4/50] 10.64.203.147 () {44 vars in 1106 bytes} [Fri Feb 10 17:00:45 2017] GET /speech/manage_anchorset => generated 4107 bytes in 29 msecs (HTTP/1.1 200) 3 headers in 102 bytes (1 switches on core 0)
[pid: 20817|app: 0|req: 21/51] 10.64.203.147 () {44 vars in 1150 bytes} [Fri Feb 10 17:00:49 2017] GET /speech/start_record_session/test_shjd => generated 0 bytes in 11 msecs (HTTP/1.1 301) 2 headers in 125 bytes (1 switches on core 0)
[pid: 20817|app: 0|req: 22/52] 10.64.203.147 () {44 vars in 1152 bytes} [Fri Feb 10 17:00:49 2017] GET /speech/start_record_session/test_shjd/ => generated 0 bytes in 39 msecs (HTTP/1.1 302) 5 headers in 268 bytes (1 switches on core 0)
[pid: 20817|app: 0|req: 23/53] 10.64.203.147 () {44 vars in 1114 bytes} [Fri Feb 10 17:00:49 2017] GET /speech/record/index => generated 0 bytes in 1 msecs (HTTP/1.1 301) 2 headers in 107 bytes (1 switches on core 0)
[pid: 20817|app: 0|req: 24/54] 10.64.203.147 () {44 vars in 1116 bytes} [Fri Feb 10 17:00:49 2017] GET /speech/record/index/ => generated 13582 bytes in 42 msecs (HTTP/1.1 200) 3 headers in 102 bytes (1 switches on core 0)
[pid: 20817|app: 0|req: 25/55] 10.64.203.147 () {44 vars in 1087 bytes} [Fri Feb 10 17:01:05 2017] GET /speech/ => generated 4443 bytes in 12 msecs (HTTP/1.1 200) 3 headers in 102 bytes (1 switches on core 0)
[pid: 20817|app: 0|req: 26/56] 10.64.203.147 () {44 vars in 1106 bytes} [Fri Feb 10 17:01:58 2017] GET /speech/manage_anchorset => generated 4107 bytes in 31 msecs (HTTP/1.1 200) 3 headers in 102 bytes (1 switches on core 0)
[pid: 20817|app: 0|req: 27/57] 10.64.203.147 () {44 vars in 1152 bytes} [Fri Feb 10 17:02:00 2017] GET /speech/start_record_session/test_shjd/ => generated 0 bytes in 26 msecs (HTTP/1.1 302) 5 headers in 268 bytes (1 switches on core 0)
[pid: 20816|app: 0|req: 26/58] 10.64.203.147 () {44 vars in 1116 bytes} [Fri Feb 10 17:02:00 2017] GET /speech/record/index/ => generated 13582 bytes in 44 msecs (HTTP/1.1 200) 3 headers in 102 bytes (1 switches on core 0)
[pid: 20816|app: 0|req: 27/59] 10.64.203.147 () {44 vars in 1087 bytes} [Fri Feb 10 17:02:07 2017] GET /speech/ => generated 4443 bytes in 19 msecs (HTTP/1.1 200) 3 headers in 102 bytes (1 switches on core 0)
*** Starting uWSGI 2.0.14 (64bit) on [Sat Mar  4 17:08:15 2017] ***
compiled with version: 4.8.5 20150623 (Red Hat 4.8.5-11) on 26 January 2017 12:01:02
os: Linux-3.10.0-514.el7.x86_64 #1 SMP Wed Oct 19 11:24:13 EDT 2016
nodename: goldenspeaker.las.iastate.edu
machine: x86_64
clock source: unix
detected number of CPU cores: 2
current working directory: /home/shjd/golden-speaker
detected binary path: /usr/bin/uwsgi
!!! no internal routing support, rebuild with pcre support !!!
chdir() to /home/shjd/golden-speaker
your processes number limit is 4096
your memory page size is 4096 bytes
detected max file descriptor number: 1024
lock engine: pthread robust mutexes
thunder lock: disabled (you can enable it with --thunder-lock)
probably another instance of uWSGI is running on the same address (127.0.0.1:49152).
bind(): Address already in use [core/socket.c line 769]
*** Starting uWSGI 2.0.14 (64bit) on [Sat Mar  4 17:10:09 2017] ***
compiled with version: 4.8.5 20150623 (Red Hat 4.8.5-11) on 26 January 2017 12:01:02
os: Linux-3.10.0-514.el7.x86_64 #1 SMP Wed Oct 19 11:24:13 EDT 2016
nodename: goldenspeaker.las.iastate.edu
machine: x86_64
clock source: unix
detected number of CPU cores: 2
current working directory: /home/shjd/golden-speaker
detected binary path: /usr/bin/uwsgi
!!! no internal routing support, rebuild with pcre support !!!
chdir() to /home/shjd/golden-speaker
your processes number limit is 4096
your memory page size is 4096 bytes
detected max file descriptor number: 1024
lock engine: pthread robust mutexes
thunder lock: disabled (you can enable it with --thunder-lock)
probably another instance of uWSGI is running on the same address (127.0.0.1:49152).
bind(): Address already in use [core/socket.c line 769]
*** Starting uWSGI 2.0.14 (64bit) on [Sat Mar  4 17:11:02 2017] ***
compiled with version: 4.8.5 20150623 (Red Hat 4.8.5-11) on 26 January 2017 12:01:02
os: Linux-3.10.0-514.el7.x86_64 #1 SMP Wed Oct 19 11:24:13 EDT 2016
nodename: goldenspeaker.las.iastate.edu
machine: x86_64
clock source: unix
detected number of CPU cores: 2
current working directory: /home/shjd/golden-speaker
detected binary path: /usr/bin/uwsgi
!!! no internal routing support, rebuild with pcre support !!!
chdir() to /home/shjd/golden-speaker
your processes number limit is 4096
your memory page size is 4096 bytes
detected max file descriptor number: 1024
lock engine: pthread robust mutexes
thunder lock: disabled (you can enable it with --thunder-lock)
probably another instance of uWSGI is running on the same address (127.0.0.1:49152).
bind(): Address already in use [core/socket.c line 769]
*** Starting uWSGI 2.0.14 (64bit) on [Sat Mar  4 17:13:39 2017] ***
compiled with version: 4.8.5 20150623 (Red Hat 4.8.5-11) on 26 January 2017 12:01:02
os: Linux-3.10.0-514.el7.x86_64 #1 SMP Wed Oct 19 11:24:13 EDT 2016
nodename: goldenspeaker.las.iastate.edu
machine: x86_64
clock source: unix
detected number of CPU cores: 2
current working directory: /home/shjd/golden-speaker
detected binary path: /usr/bin/uwsgi
!!! no internal routing support, rebuild with pcre support !!!
chdir() to /home/shjd/golden-speaker
your processes number limit is 4096
your memory page size is 4096 bytes
detected max file descriptor number: 1024
lock engine: pthread robust mutexes
thunder lock: disabled (you can enable it with --thunder-lock)
probably another instance of uWSGI is running on the same address (127.0.0.1:49152).
bind(): Address already in use [core/socket.c line 769]
*** Starting uWSGI 2.0.14 (64bit) on [Sat Mar  4 17:19:43 2017] ***
compiled with version: 4.8.5 20150623 (Red Hat 4.8.5-11) on 26 January 2017 12:01:02
os: Linux-3.10.0-514.el7.x86_64 #1 SMP Wed Oct 19 11:24:13 EDT 2016
nodename: goldenspeaker.las.iastate.edu
machine: x86_64
clock source: unix
detected number of CPU cores: 2
current working directory: /home/shjd/golden-speaker
detected binary path: /usr/bin/uwsgi
!!! no internal routing support, rebuild with pcre support !!!
chdir() to /home/shjd/golden-speaker
your processes number limit is 4096
your memory page size is 4096 bytes
detected max file descriptor number: 1024
lock engine: pthread robust mutexes
thunder lock: disabled (you can enable it with --thunder-lock)
probably another instance of uWSGI is running on the same address (127.0.0.1:49152).
bind(): Address already in use [core/socket.c line 769]
*** Starting uWSGI 2.0.14 (64bit) on [Sat Mar  4 17:21:34 2017] ***
compiled with version: 4.8.5 20150623 (Red Hat 4.8.5-11) on 26 January 2017 12:01:02
os: Linux-3.10.0-514.el7.x86_64 #1 SMP Wed Oct 19 11:24:13 EDT 2016
nodename: goldenspeaker.las.iastate.edu
machine: x86_64
clock source: unix
detected number of CPU cores: 2
current working directory: /home/shjd/golden-speaker
detected binary path: /usr/bin/uwsgi
!!! no internal routing support, rebuild with pcre support !!!
chdir() to /home/shjd/golden-speaker
your processes number limit is 4096
your memory page size is 4096 bytes
detected max file descriptor number: 1024
lock engine: pthread robust mutexes
thunder lock: disabled (you can enable it with --thunder-lock)
probably another instance of uWSGI is running on the same address (127.0.0.1:49152).
bind(): Address already in use [core/socket.c line 769]
*** Starting uWSGI 2.0.14 (64bit) on [Sat Mar  4 17:24:07 2017] ***
compiled with version: 4.8.5 20150623 (Red Hat 4.8.5-11) on 26 January 2017 12:01:02
os: Linux-3.10.0-514.el7.x86_64 #1 SMP Wed Oct 19 11:24:13 EDT 2016
nodename: goldenspeaker.las.iastate.edu
machine: x86_64
clock source: unix
detected number of CPU cores: 2
current working directory: /home/shjd/golden-speaker
detected binary path: /usr/bin/uwsgi
!!! no internal routing support, rebuild with pcre support !!!
chdir() to /home/shjd/golden-speaker
your processes number limit is 4096
your memory page size is 4096 bytes
detected max file descriptor number: 1024
lock engine: pthread robust mutexes
thunder lock: disabled (you can enable it with --thunder-lock)
probably another instance of uWSGI is running on the same address (127.0.0.1:49152).
bind(): Address already in use [core/socket.c line 769]
